<?xml version="1.0" encoding="UTF-8"?>
<testng-results ignored="0" total="3" passed="3" failed="0" skipped="0">
  <reporter-output>
    <line>
      <![CDATA[Actual Test Started]]>
    </line>
    <line>
      <![CDATA[Test Stareted]]>
    </line>
    <line>
      <![CDATA[Test Exceuted sucessfully]]>
    </line>
    <line>
      <![CDATA[Test Stareted]]>
    </line>
    <line>
      <![CDATA[Test Exceuted sucessfully]]>
    </line>
    <line>
      <![CDATA[Test Stareted]]>
    </line>
    <line>
      <![CDATA[Test Exceuted sucessfully]]>
    </line>
  </reporter-output>
  <suite started-at="2023-07-28T13:51:50 IST" name="Default suite" finished-at="2023-07-28T13:54:26 IST" duration-ms="155865">
    <groups>
    </groups>
    <test started-at="2023-07-28T13:51:50 IST" name="Default test" finished-at="2023-07-28T13:54:26 IST" duration-ms="155865">
      <class name="TestNGPackage.TestCase">
        <test-method is-config="true" signature="setUp()[pri:0, instance:TestNGPackage.TestCase@28261e8e]" started-at="2023-07-28T13:51:50 IST" name="setUp" finished-at="2023-07-28T13:53:05 IST" duration-ms="75549" status="PASS">
          <reporter-output>
          </reporter-output>
        </test-method> <!-- setUp -->
        <test-method signature="loginMethod()[pri:0, instance:TestNGPackage.TestCase@28261e8e]" started-at="2023-07-28T13:53:05 IST" name="loginMethod" finished-at="2023-07-28T13:53:07 IST" duration-ms="1907" status="PASS">
          <reporter-output>
            <line>
              <![CDATA[Test Stareted]]>
            </line>
            <line>
              <![CDATA[Test Exceuted sucessfully]]>
            </line>
          </reporter-output>
        </test-method> <!-- loginMethod -->
        <test-method is-config="true" signature="tearDown()[pri:0, instance:TestNGPackage.TestCase@28261e8e]" started-at="2023-07-28T13:53:07 IST" name="tearDown" finished-at="2023-07-28T13:53:08 IST" duration-ms="996" status="PASS">
          <reporter-output>
          </reporter-output>
        </test-method> <!-- tearDown -->
        <test-method is-config="true" signature="setUp()[pri:0, instance:TestNGPackage.TestCase@28261e8e]" started-at="2023-07-28T13:53:08 IST" name="setUp" finished-at="2023-07-28T13:53:32 IST" duration-ms="23620" status="PASS">
          <reporter-output>
          </reporter-output>
        </test-method> <!-- setUp -->
        <test-method signature="createUser()[pri:0, instance:TestNGPackage.TestCase@28261e8e]" started-at="2023-07-28T13:53:32 IST" name="createUser" finished-at="2023-07-28T13:54:09 IST" depends-on-methods="TestNGPackage.TestCase.loginMethod" duration-ms="36683" status="PASS">
          <reporter-output>
            <line>
              <![CDATA[Test Stareted]]>
            </line>
            <line>
              <![CDATA[Test Exceuted sucessfully]]>
            </line>
          </reporter-output>
        </test-method> <!-- createUser -->
        <test-method is-config="true" signature="tearDown()[pri:0, instance:TestNGPackage.TestCase@28261e8e]" started-at="2023-07-28T13:54:09 IST" name="tearDown" finished-at="2023-07-28T13:54:09 IST" duration-ms="751" status="PASS">
          <reporter-output>
          </reporter-output>
        </test-method> <!-- tearDown -->
        <test-method is-config="true" signature="setUp()[pri:0, instance:TestNGPackage.TestCase@28261e8e]" started-at="2023-07-28T13:54:09 IST" name="setUp" finished-at="2023-07-28T13:54:25 IST" duration-ms="15348" status="PASS">
          <reporter-output>
          </reporter-output>
        </test-method> <!-- setUp -->
        <test-method signature="logOut()[pri:0, instance:TestNGPackage.TestCase@28261e8e]" started-at="2023-07-28T13:54:25 IST" name="logOut" finished-at="2023-07-28T13:54:25 IST" depends-on-methods="TestNGPackage.TestCase.createUser" duration-ms="100" status="PASS">
          <reporter-output>
            <line>
              <![CDATA[Test Stareted]]>
            </line>
            <line>
              <![CDATA[Test Exceuted sucessfully]]>
            </line>
          </reporter-output>
        </test-method> <!-- logOut -->
        <test-method is-config="true" signature="tearDown()[pri:0, instance:TestNGPackage.TestCase@28261e8e]" started-at="2023-07-28T13:54:25 IST" name="tearDown" finished-at="2023-07-28T13:54:26 IST" duration-ms="803" status="PASS">
          <reporter-output>
          </reporter-output>
        </test-method> <!-- tearDown -->
      </class> <!-- TestNGPackage.TestCase -->
    </test> <!-- Default test -->
  </suite> <!-- Default suite -->
</testng-results>
