<?xml version="1.0" encoding="UTF-8"?>
<!-- Generated by org.testng.reporters.JUnitXMLReporter -->
<testsuite ignored="0" hostname="DESKTOP-1ALAH1N" failures="0" tests="3" name="Default test" time="155.865" errors="0" timestamp="2023-07-28T13:54:26 IST">
  <testcase classname="TestNGPackage.TestCase" name="loginMethod" time="1.907"/>
  <testcase classname="TestNGPackage.TestCase" name="createUser" time="36.683"/>
  <testcase classname="TestNGPackage.TestCase" name="logOut" time="0.1"/>
</testsuite> <!-- Default test -->
