<?xml version="1.0" encoding="UTF-8"?>
<!-- Generated by org.testng.reporters.JUnitXMLReporter -->
<testsuite ignored="6" hostname="DESKTOP-1ALAH1N" failures="0" tests="12" name="Test" time="0.319" errors="0" timestamp="2023-07-23T23:38:36 IST">
  <testcase classname="testNGAnnotation_Flags.Flag6" name="it1" time="0.022"/>
  <testcase classname="testNGAnnotation_Flags.Flag6" name="it2" time="0.006"/>
  <testcase classname="testNGAnnotation_Flags.Flag6" name="it3" time="0.006"/>
  <testcase classname="testNGAnnotation_Flags.Flag6" name="it4" time="0.016"/>
  <testcase classname="testNGAnnotation_Flags.Flag6" name="it5" time="0.009"/>
  <testcase classname="testNGAnnotation_Flags.Flag6" name="it6" time="0.005"/>
  <testcase classname="testNGAnnotation_Flags.Flag6" name="st1" time="0.005"/>
  <testcase classname="testNGAnnotation_Flags.Flag6" name="st2" time="0.008"/>
  <testcase classname="testNGAnnotation_Flags.Flag6" name="st3" time="0.009"/>
  <testcase classname="testNGAnnotation_Flags.Flag6" name="st4" time="0.002"/>
  <testcase classname="testNGAnnotation_Flags.Flag6" name="st5" time="0.004"/>
  <testcase classname="testNGAnnotation_Flags.Flag6" name="st6" time="0.005"/>
  <testcase classname="testNGAnnotation_Flags.Flag6" name="ft6" time="0.0">
    <ignored/>
  </testcase> <!-- ft6 -->
  <testcase classname="testNGAnnotation_Flags.Flag6" name="ft1" time="0.0">
    <ignored/>
  </testcase> <!-- ft1 -->
  <testcase classname="testNGAnnotation_Flags.Flag6" name="ft5" time="0.0">
    <ignored/>
  </testcase> <!-- ft5 -->
  <testcase classname="testNGAnnotation_Flags.Flag6" name="ft4" time="0.0">
    <ignored/>
  </testcase> <!-- ft4 -->
  <testcase classname="testNGAnnotation_Flags.Flag6" name="ft3" time="0.0">
    <ignored/>
  </testcase> <!-- ft3 -->
  <testcase classname="testNGAnnotation_Flags.Flag6" name="ft2" time="0.0">
    <ignored/>
  </testcase> <!-- ft2 -->
</testsuite> <!-- Test -->
